<?xml version="1.0" encoding="UTF-8"?>
<testsuite name="demolition.GameMechanicsTest" tests="3" skipped="0" failures="0" errors="0" timestamp="2023-09-12T12:48:27" hostname="Dereks-MBP-2.gateway" time="0.006">
  <properties/>
  <testcase name="constructor()" classname="demolition.GameMechanicsTest" time="0.001"/>
  <testcase name="gameOverTest()" classname="demolition.GameMechanicsTest" time="0.003"/>
  <testcase name="isRefreshedTest()" classname="demolition.GameMechanicsTest" time="0.0"/>
  <system-out><![CDATA[]]></system-out>
  <system-err><![CDATA[]]></system-err>
</testsuite>
