<?xml version="1.0" encoding="UTF-8"?>
<testsuite name="demolition.PlayerTest" tests="4" skipped="0" failures="0" errors="0" timestamp="2023-09-12T12:48:27" hostname="Dereks-MBP-2.gateway" time="0.015">
  <properties/>
  <testcase name="constructor()" classname="demolition.PlayerTest" time="0.004"/>
  <testcase name="getLifeCountTest()" classname="demolition.PlayerTest" time="0.002"/>
  <testcase name="dieTest()" classname="demolition.PlayerTest" time="0.001"/>
  <testcase name="bombTest()" classname="demolition.PlayerTest" time="0.004"/>
  <system-out><![CDATA[]]></system-out>
  <system-err><![CDATA[]]></system-err>
</testsuite>
