<?xml version="1.0" encoding="UTF-8"?>
<testsuite name="demolition.UITest" tests="2" skipped="0" failures="0" errors="0" timestamp="2023-09-12T12:48:27" hostname="Dereks-MBP-2.gateway" time="0.005">
  <properties/>
  <testcase name="contructor()" classname="demolition.UITest" time="0.003"/>
  <testcase name="timerTickTest()" classname="demolition.UITest" time="0.001"/>
  <system-out><![CDATA[]]></system-out>
  <system-err><![CDATA[]]></system-err>
</testsuite>
