<?xml version="1.0" encoding="UTF-8"?>
<testsuite name="demolition.TupleTest" tests="4" skipped="0" failures="0" errors="0" timestamp="2023-09-12T12:48:27" hostname="Dereks-MBP-2.gateway" time="0.009">
  <properties/>
  <testcase name="containsTest()" classname="demolition.TupleTest" time="0.001"/>
  <testcase name="constructor()" classname="demolition.TupleTest" time="0.001"/>
  <testcase name="tupleEqualsTest()" classname="demolition.TupleTest" time="0.002"/>
  <testcase name="updateTest()" classname="demolition.TupleTest" time="0.0"/>
  <system-out><![CDATA[]]></system-out>
  <system-err><![CDATA[]]></system-err>
</testsuite>
